0 info it worked if it ends with ok
1 verbose cli [ '/usr/bin/nodejs',
1 verbose cli   '/usr/bin/npm',
1 verbose cli   'owner',
1 verbose cli   'ls',
1 verbose cli   'mytasklistang' ]
2 info using npm@3.10.3
3 info using node@v6.7.0
4 silly mapToRegistry name mytasklistang
5 silly mapToRegistry using default registry
6 silly mapToRegistry registry https://registry.npmjs.org/
7 silly mapToRegistry data Result {
7 silly mapToRegistry   raw: 'mytasklistang',
7 silly mapToRegistry   scope: null,
7 silly mapToRegistry   escapedName: 'mytasklistang',
7 silly mapToRegistry   name: 'mytasklistang',
7 silly mapToRegistry   rawSpec: '',
7 silly mapToRegistry   spec: 'latest',
7 silly mapToRegistry   type: 'tag' }
8 silly mapToRegistry uri https://registry.npmjs.org/mytasklistang
9 verbose request uri https://registry.npmjs.org/mytasklistang
10 verbose request no auth needed
11 info attempt registry request try #1 at 7:32:38 PM
12 verbose request id cb33863c89faf015
13 http request GET https://registry.npmjs.org/mytasklistang
14 http 404 https://registry.npmjs.org/mytasklistang
15 verbose headers { 'content-type': 'application/json',
15 verbose headers   'cache-control': 'max-age=0',
15 verbose headers   'content-length': '2',
15 verbose headers   'accept-ranges': 'bytes',
15 verbose headers   date: 'Sat, 08 Oct 2016 23:32:38 GMT',
15 verbose headers   via: '1.1 varnish',
15 verbose headers   age: '0',
15 verbose headers   connection: 'keep-alive',
15 verbose headers   'x-served-by': 'cache-bos8225-BOS',
15 verbose headers   'x-cache': 'MISS',
15 verbose headers   'x-cache-hits': '0',
15 verbose headers   'x-timer': 'S1475969558.784772,VS0,VE155',
15 verbose headers   vary: 'Accept-Encoding' }
16 silly get cb [ 404,
16 silly get   { 'content-type': 'application/json',
16 silly get     'cache-control': 'max-age=0',
16 silly get     'content-length': '2',
16 silly get     'accept-ranges': 'bytes',
16 silly get     date: 'Sat, 08 Oct 2016 23:32:38 GMT',
16 silly get     via: '1.1 varnish',
16 silly get     age: '0',
16 silly get     connection: 'keep-alive',
16 silly get     'x-served-by': 'cache-bos8225-BOS',
16 silly get     'x-cache': 'MISS',
16 silly get     'x-cache-hits': '0',
16 silly get     'x-timer': 'S1475969558.784772,VS0,VE155',
16 silly get     vary: 'Accept-Encoding' } ]
17 error owner ls Couldn't get owner data mytasklistang
18 verbose stack Error: Registry returned 404 for GET on https://registry.npmjs.org/mytasklistang
18 verbose stack     at makeError (/usr/lib/node_modules/npm/node_modules/npm-registry-client/lib/request.js:264:12)
18 verbose stack     at CachingRegistryClient.<anonymous> (/usr/lib/node_modules/npm/node_modules/npm-registry-client/lib/request.js:242:14)
18 verbose stack     at Request._callback (/usr/lib/node_modules/npm/node_modules/npm-registry-client/lib/request.js:172:14)
18 verbose stack     at Request.self.callback (/usr/lib/node_modules/npm/node_modules/request/request.js:200:22)
18 verbose stack     at emitTwo (events.js:106:13)
18 verbose stack     at Request.emit (events.js:191:7)
18 verbose stack     at Request.<anonymous> (/usr/lib/node_modules/npm/node_modules/request/request.js:1067:10)
18 verbose stack     at emitOne (events.js:101:20)
18 verbose stack     at Request.emit (events.js:188:7)
18 verbose stack     at IncomingMessage.<anonymous> (/usr/lib/node_modules/npm/node_modules/request/request.js:988:12)
19 verbose statusCode 404
20 verbose pkgid mytasklistang
21 verbose cwd /home/roman/Desktop/myTaskList/client
22 error Linux 4.4.0-38-generic
23 error argv "/usr/bin/nodejs" "/usr/bin/npm" "owner" "ls" "mytasklistang"
24 error node v6.7.0
25 error npm  v3.10.3
26 error code E404
27 error 404 Registry returned 404 for GET on https://registry.npmjs.org/mytasklistang
28 error 404
29 error 404 'mytasklistang' is not in the npm registry.
30 error 404 You should bug the author to publish it (or use the name yourself!)
31 error 404 Note that you can also install from a
32 error 404 tarball, folder, http url, or git url.
33 verbose exit [ 1, true ]
